<?xml version="1.0" encoding="UTF-8"?>
<!-- Generated by org.testng.reporters.JUnitReportReporter -->
<testsuite skipped="0" hostname="LAPTOP-O643U829" name="TestCases.testGoogleHomePage" tests="1" failures="0" timestamp="15 Sep 2024 12:58:17 GMT" time="1.636" errors="0">
  <testcase name="goToGoogle" time="1.636" classname="TestCases.testGoogleHomePage"/>
</testsuite> <!-- TestCases.testGoogleHomePage -->
